2025-08-10 11:04:19 - CPU monitoring started.
2025-08-10 11:04:20 - CPU usage: 55.1%
2025-08-10 11:05:20 - CPU usage: 42.2%
2025-08-10 11:06:20 - CPU usage: 30.6%
2025-08-10 11:07:20 - CPU usage: 14.0%
2025-08-10 11:08:20 - CPU usage: 14.2%
2025-08-10 11:09:20 - CPU usage: 13.5%
2025-08-10 11:10:20 - CPU usage: 13.4%
2025-08-10 11:10:34 - CPU monitoring stopped by user.
2025-08-10 11:10:56 - CPU monitoring started.
2025-08-10 11:10:57 - CPU usage: 16.1%
2025-08-10 11:11:24 - CPU monitoring stopped by user.
2025-08-10 11:12:52 - CPU monitoring started.
2025-08-10 11:12:53 - CPU usage: 26.2%
2025-08-10 11:12:53 - ALERT: CPU usage exceeded! CPU usage = 26.2%
2025-08-10 11:13:09 - CPU usage: 15.5%
2025-08-10 11:13:09 - ALERT: CPU usage exceeded! CPU usage = 15.5%
2025-08-10 11:13:13 - CPU monitoring stopped by user.
2025-08-11 10:12:35 - CPU monitoring started.
2025-08-11 10:12:36 - CPU usage: 4.1%
2025-08-11 10:13:36 - CPU usage: 2.9%
2025-08-11 10:14:36 - CPU usage: 9.2%
2025-08-11 10:15:20 - CPU monitoring stopped by user.
2025-08-11 15:58:06 - CPU monitoring started.
2025-08-11 15:58:07 - CPU usage: 4.8%
2025-08-11 15:59:07 - CPU usage: 0.9%           
2025-08-11 16:00:07 - CPU usage: 3.2%
2025-08-11 16:01:07 - CPU usage: 0.6%
2025-08-11 16:02:07 - CPU usage: 7.7%
2025-08-11 16:03:07 - CPU usage: 2.2%
2025-08-11 16:04:07 - CPU usage: 3.1%
2025-08-11 16:05:07 - CPU usage: 0.9%
2025-08-11 16:05:51 - CPU monitoring stopped by user.
2025-08-13 12:16:19 - CPU monitoring started.
2025-08-13 12:16:20 - CPU usage: 10.1%
2025-08-13 12:17:20 - CPU usage: 1.8%
2025-08-13 12:18:20 - CPU usage: 5.0%
2025-08-13 12:19:20 - CPU usage: 2.0%
2025-08-13 12:20:20 - CPU usage: 0.8%
2025-08-13 12:20:30 - CPU monitoring stopped by user.
2025-08-13 14:15:59 - CPU monitoring started.
2025-08-13 14:16:00 - CPU usage: 3.7%
2025-08-13 14:17:00 - CPU usage: 4.6%
2025-08-13 14:18:00 - CPU usage: 4.6%
2025-08-13 14:19:00 - CPU usage: 6.1%
2025-08-13 14:20:01 - CPU usage: 2.9%
2025-08-13 14:21:01 - CPU usage: 10.4%
2025-08-13 14:22:01 - CPU usage: 5.8%
2025-08-13 14:23:01 - CPU usage: 3.7%
2025-08-13 14:24:01 - CPU usage: 12.4%
2025-08-13 14:25:01 - CPU usage: 6.0%
2025-08-13 14:26:01 - CPU usage: 2.5%
2025-08-13 14:26:52 - CPU monitoring stopped by user.
2025-08-13 15:15:27 - CPU monitoring started.
2025-08-13 15:15:28 - CPU usage: 3.4%
2025-08-13 15:16:28 - CPU usage: 5.7%
2025-08-13 15:17:28 - CPU usage: 0.6%
2025-08-13 15:18:28 - CPU usage: 2.5%
2025-08-13 15:19:28 - CPU usage: 6.6%
2025-08-13 15:20:28 - CPU usage: 5.1%
2025-08-13 15:21:28 - CPU usage: 1.8%
2025-08-13 15:22:28 - CPU usage: 1.0%
2025-08-13 15:23:28 - CPU usage: 0.0%
2025-08-13 15:24:28 - CPU usage: 2.1%
2025-08-13 15:25:28 - CPU usage: 3.4%
2025-08-13 15:26:28 - CPU usage: 1.3%
2025-08-13 15:27:28 - CPU usage: 1.2%
2025-08-13 15:28:28 - CPU usage: 3.1%
2025-08-13 15:29:28 - CPU usage: 3.9%
2025-08-13 15:30:28 - CPU usage: 1.7%
2025-08-13 15:31:29 - CPU usage: 2.5%
2025-08-13 15:32:29 - CPU usage: 0.5%
2025-08-13 15:33:11 - CPU monitoring stopped by user.
2025-08-13 17:22:48 - CPU monitoring started.
2025-08-13 17:22:49 - CPU usage: 2.1%
2025-08-13 17:23:49 - CPU usage: 1.7%
2025-08-13 17:23:55 - CPU monitoring stopped by user.
2025-08-14 16:27:53 - CPU monitoring started.
2025-08-14 16:27:54 - CPU usage: 2.3%
2025-08-14 16:28:54 - CPU usage: 4.2%
2025-08-14 16:29:54 - CPU usage: 9.4%
2025-08-14 16:30:54 - CPU usage: 9.2%
2025-08-14 16:31:10 - CPU monitoring stopped by user.
2025-08-14 16:49:26 - CPU monitoring started.
2025-08-14 16:49:27 - CPU usage: 7.5%
2025-08-14 16:49:57 - CPU usage: 59.8%
2025-08-14 16:50:27 - CPU usage: 4.4%
2025-08-14 16:50:32 - CPU monitoring stopped by user.
2025-08-14 16:50:50 - CPU monitoring started.
2025-08-14 16:50:51 - CPU usage: 8.9%
2025-08-14 16:51:01 - CPU usage: 3.4%
2025-08-14 16:51:11 - CPU usage: 5.3%
2025-08-14 16:51:21 - CPU usage: 13.7%
2025-08-14 16:51:31 - CPU usage: 0.1%
2025-08-14 16:51:33 - CPU monitoring stopped by user.
